<?xml version="1.0" encoding="UTF-8" ?>
<testsuite tests="9" failures="2" name="com.forever.testautomation.RunnerTest" time="8.215" errors="0" skipped="1">
  <properties>
[...]
</properties>
  <testcase classname="| k.keerthipriya@gmail.com | kiran143 |" name="Given I am registered user" time="0.005"/>
  <testcase classname="| k.keerthipriya@gmail.com | kiran143 |" name="When I open Forever login page and enter login details &apos;k.keerthipriya@gmail.com&apos; and &apos;kiran143&apos;" time="0"/>
  <testcase classname="| k.keerthipriya@gmail.com | kiran143 |" name="Then I should login to the forever new" time="0"/>
  <testcase classname="| k.keerthipriya@gmail.com | kiran143 |" name="| k.keerthipriya@gmail.com | kiran143 |" time="7.57"/>
  <testcase classname="| k.keerthipriya@gmail.com | kiran143 | Gift Card CA +$50.00 | 1 | Keerthi | k.keerthipriya@gmail |" name="Given I open the Forever New page &apos;k.keerthipriya@gmail.com&apos; and &apos;kiran143&apos;" time="0"/>
  <testcase classname="| k.keerthipriya@gmail.com | kiran143 | Gift Card CA +$50.00 | 1 | Keerthi | k.keerthipriya@gmail |" name="When I open gift cards page" time="0"/>
  <testcase classname="| k.keerthipriya@gmail.com | kiran143 | Gift Card CA +$50.00 | 1 | Keerthi | k.keerthipriya@gmail |" name="And give all the details with invalid email id &apos;Gift Card CA +$50.00&apos; and &apos;1&apos; and &apos;Keerthi&apos; and &apos;k.keerthipriya@gmail&apos;" time="0.006">
    <failure message="expected:&lt;...ter a valid email ad[]ress. For example jo...&gt; but was:&lt;...ter a valid email ad[d]ress. For example jo...&gt;" type="org.junit.ComparisonFailure">org.junit.ComparisonFailure: expected:&lt;...ter a valid email ad[]ress. For example jo...&gt; but was:&lt;...ter a valid email ad[d]ress. For example jo...&gt;
	at sun.reflect.NativeConstructorAccessorImpl.newInstance0(Native Method)
	at sun.reflect.NativeConstructorAccessorImpl.newInstance(NativeConstructorAccessorImpl.java:62)
	at sun.reflect.DelegatingConstructorAccessorImpl.newInstance(DelegatingConstructorAccessorImpl.java:45)
	at com.forever.testautomation.steps.NewGiftCardSteps.enterGiftCardDetails2(NewGiftCardSteps.java:137)
	at com.forever.testautomation.stepdefinitions.GiftCardDefn.i_give_all_giftCard_details2(GiftCardDefn.java:65)
	at ✽.And give all the details with invalid email id &apos;Gift Card CA +$50.00&apos; and &apos;1&apos; and &apos;Keerthi&apos; and &apos;k.keerthipriya@gmail&apos;(features/GiftCard.feature:28)
</failure>
  </testcase>
  <testcase classname="| k.keerthipriya@gmail.com | kiran143 | Gift Card CA +$50.00 | 1 | Keerthi | k.keerthipriya@gmail |" name="| k.keerthipriya@gmail.com | kiran143 | Gift Card CA +$50.00 | 1 | Keerthi | k.keerthipriya@gmail |" time="0.006">
    <failure message="expected:&lt;...ter a valid email ad[]ress. For example jo...&gt; but was:&lt;...ter a valid email ad[d]ress. For example jo...&gt;" type="org.junit.ComparisonFailure">org.junit.ComparisonFailure: expected:&lt;...ter a valid email ad[]ress. For example jo...&gt; but was:&lt;...ter a valid email ad[d]ress. For example jo...&gt;
	at sun.reflect.NativeConstructorAccessorImpl.newInstance0(Native Method)
	at sun.reflect.NativeConstructorAccessorImpl.newInstance(NativeConstructorAccessorImpl.java:62)
	at sun.reflect.DelegatingConstructorAccessorImpl.newInstance(DelegatingConstructorAccessorImpl.java:45)
	at com.forever.testautomation.steps.NewGiftCardSteps.enterGiftCardDetails2(NewGiftCardSteps.java:137)
	at com.forever.testautomation.stepdefinitions.GiftCardDefn.i_give_all_giftCard_details2(GiftCardDefn.java:65)
	at ✽.And give all the details with invalid email id &apos;Gift Card CA +$50.00&apos; and &apos;1&apos; and &apos;Keerthi&apos; and &apos;k.keerthipriya@gmail&apos;(features/GiftCard.feature:28)
</failure>
  </testcase>
  <testcase classname="| k.keerthipriya@gmail.com | kiran143 | Gift Card CA +$50.00 | 1 | Keerthi | k.keerthipriya@gmail |" name="Then I should not be able to go ahead with purchasing and should throw an error message" time="0.628">
    <skipped/>
  </testcase>
</testsuite>