<?xml version="1.0" encoding="UTF-8"?>
<testsuite name="| k.keerthipriya@gmail.com | kiran143 | Gift Card CA +$75.00 | 1 | Keerthi | k.keerthipriya@gmail.com | Kiran | kiroooos@gmail.com | Happy birthday | 4444333322221111 | 11 | 20 | 123 |" time="0.02" tests="14" errors="0" skipped="0" failures="0">
  <properties>
[...]
</properties>
  <testcase name="Given I am registered user" classname="| k.keerthipriya@gmail.com | kiran143 |" time="0.003"/>
  <testcase name="When I open Forever login page and enter login details &apos;k.keerthipriya@gmail.com&apos; and &apos;kiran143&apos;" classname="| k.keerthipriya@gmail.com | kiran143 |" time="0"/>
  <testcase name="Then I should login to the forever new" classname="| k.keerthipriya@gmail.com | kiran143 |" time="0"/>
  <testcase name="| k.keerthipriya@gmail.com | kiran143 |" classname="| k.keerthipriya@gmail.com | kiran143 |" time="0.007"/>
  <testcase name="Given I open the Forever New home page &apos;k.keerthipriya@gmail.com&apos; and &apos;kiran143&apos;" classname="| k.keerthipriya@gmail.com | kiran143 | Gift Card CA +$50.00 | 1 | Keerthi | k.keerthipriya@gmail.com | Kiran | kiroooos@gmail.com | Happy weekend | 4444333322221111 | 11 | 20 | 123 |" time="0"/>
  <testcase name="When I open buy gift cards page" classname="| k.keerthipriya@gmail.com | kiran143 | Gift Card CA +$50.00 | 1 | Keerthi | k.keerthipriya@gmail.com | Kiran | kiroooos@gmail.com | Happy weekend | 4444333322221111 | 11 | 20 | 123 |" time="0"/>
  <testcase name="And give all the details &apos;Gift Card CA +$50.00&apos; and &apos;1&apos; and &apos;Keerthi&apos; and &apos;k.keerthipriya@gmail.com&apos; and &apos;Kiran&apos; and &apos;kiroooos@gmail.com&apos; and &apos;Happy weekend&apos; and &apos;4444333322221111&apos; and &apos;11&apos; and &apos;20&apos; and &apos;123&apos;" classname="| k.keerthipriya@gmail.com | kiran143 | Gift Card CA +$50.00 | 1 | Keerthi | k.keerthipriya@gmail.com | Kiran | kiroooos@gmail.com | Happy weekend | 4444333322221111 | 11 | 20 | 123 |" time="0"/>
  <testcase name="Then I should login to the forever new website" classname="| k.keerthipriya@gmail.com | kiran143 | Gift Card CA +$50.00 | 1 | Keerthi | k.keerthipriya@gmail.com | Kiran | kiroooos@gmail.com | Happy weekend | 4444333322221111 | 11 | 20 | 123 |" time="0"/>
  <testcase name="| k.keerthipriya@gmail.com | kiran143 | Gift Card CA +$50.00 | 1 | Keerthi | k.keerthipriya@gmail.com | Kiran | kiroooos@gmail.com | Happy weekend | 4444333322221111 | 11 | 20 | 123 |" classname="| k.keerthipriya@gmail.com | kiran143 | Gift Card CA +$50.00 | 1 | Keerthi | k.keerthipriya@gmail.com | Kiran | kiroooos@gmail.com | Happy weekend | 4444333322221111 | 11 | 20 | 123 |" time="0.006"/>
  <testcase name="Given I open the Forever New home page &apos;k.keerthipriya@gmail.com&apos; and &apos;kiran143&apos;" classname="| k.keerthipriya@gmail.com | kiran143 | Gift Card CA +$75.00 | 1 | Keerthi | k.keerthipriya@gmail.com | Kiran | kiroooos@gmail.com | Happy birthday | 4444333322221111 | 11 | 20 | 123 |" time="0"/>
  <testcase name="When I open buy gift cards page" classname="| k.keerthipriya@gmail.com | kiran143 | Gift Card CA +$75.00 | 1 | Keerthi | k.keerthipriya@gmail.com | Kiran | kiroooos@gmail.com | Happy birthday | 4444333322221111 | 11 | 20 | 123 |" time="0"/>
  <testcase name="And give all the details &apos;Gift Card CA +$75.00&apos; and &apos;1&apos; and &apos;Keerthi&apos; and &apos;k.keerthipriya@gmail.com&apos; and &apos;Kiran&apos; and &apos;kiroooos@gmail.com&apos; and &apos;Happy birthday&apos; and &apos;4444333322221111&apos; and &apos;11&apos; and &apos;20&apos; and &apos;123&apos;" classname="| k.keerthipriya@gmail.com | kiran143 | Gift Card CA +$75.00 | 1 | Keerthi | k.keerthipriya@gmail.com | Kiran | kiroooos@gmail.com | Happy birthday | 4444333322221111 | 11 | 20 | 123 |" time="0"/>
  <testcase name="Then I should login to the forever new website" classname="| k.keerthipriya@gmail.com | kiran143 | Gift Card CA +$75.00 | 1 | Keerthi | k.keerthipriya@gmail.com | Kiran | kiroooos@gmail.com | Happy birthday | 4444333322221111 | 11 | 20 | 123 |" time="0"/>
  <testcase name="| k.keerthipriya@gmail.com | kiran143 | Gift Card CA +$75.00 | 1 | Keerthi | k.keerthipriya@gmail.com | Kiran | kiroooos@gmail.com | Happy birthday | 4444333322221111 | 11 | 20 | 123 |" classname="| k.keerthipriya@gmail.com | kiran143 | Gift Card CA +$75.00 | 1 | Keerthi | k.keerthipriya@gmail.com | Kiran | kiroooos@gmail.com | Happy birthday | 4444333322221111 | 11 | 20 | 123 |" time="0.004"/>
</testsuite>